[LOG] System::create                           : Header version = 2.01.07. Current version = 2.01.07.
[LOG] Manager::init                            : maxchannels = 256 studioflags = 00000006 flags 00000000 extradriverdata 0000000000000000.
[LOG] SystemI::init                            : Initialize version=20107 (113487), maxchannels=256, flags=0x00020000
[LOG] SystemI::setOutputInternal               : Setting output to 'FMOD WASAPI Output'
[LOG] OutputWASAPI::init                       : Mix Format (WAVEFORMATEX): wFormatTag=0xFFFE, nChannels=2, nSamplesPerSec=44100, nAvgBytesPerSec=352800, nBlockAlign=8, wBitsPerSample=32, cbSize=22.
[LOG] OutputWASAPI::init                       : Mix Format (WAVEFORMATEXTENSIBLE): wValidBitsPerSample=32, dwChannelMask=0x00000003, SubFormat=00000003-0000-0010-8000-00AA00389B71.
[LOG] OutputWASAPI::init                       : Output buffer size: 3760 samples, latency: 0.00ms, period: 10.00ms, DSP buffer: 1024 * 4
[LOG] SystemI::init                            : Output requires a sample rate of 44100Hz, resampling will occur.
[LOG] Thread::initThread                       : Init FMOD stream thread. Affinity: 0x8000000000000003, Priority: 0xFFFF7FFB, Stack Size: 98304, Semaphore: No, Sleep Time: 10, Looping: Yes.
[LOG] Thread::initThread                       : Init FMOD mixer thread. Affinity: 0x8000000000000001, Priority: 0xFFFF7FFA, Stack Size: 81920, Semaphore: No, Sleep Time: 0, Looping: Yes.
[LOG] AsyncManager::init                       : manager 00000274F1D53188 isAsync 0 updatePeriod 0.02
[LOG] AsyncManager::init                       : done
[LOG] PlaybackSystem::init                     : 
[LOG] Thread::initThread                       : Init FMOD Studio sample load thread. Affinity: 0x8000000000000003, Priority: 0xFFFF7FFD, Stack Size: 98304, Semaphore: No, Sleep Time: 1, Looping: No.
[LOG] PlaybackSystem::init                     : done
[LOG] Thread::initThread                       : Init FMOD Studio bank load thread. Affinity: 0x8000000000000003, Priority: 0xFFFF7FFD, Stack Size: 98304, Semaphore: No, Sleep Time: 1, Looping: No.
[LOG] Manager::init                            : done.
[LOG] Manager::readBank                        : fileversion = 135, compatVersion = 132 (oldest = 44, newest = 135)
[LOG] SystemI::createSoundInternal             : Create name='', mode=0x02000202
[LOG] SystemI::createSoundInternal             : exinfo->cbsize             = 224
[LOG] SystemI::createSoundInternal             : exinfo->length             = 133568
[LOG] SystemI::createSoundInternal             : exinfo->fileoffset         = 8864
[LOG] SystemI::createSoundInternal             : exinfo->numsubsounds       = 1
[LOG] SystemI::createSoundInternal             : exinfo->inclusionlist      = 000000C31D75F128
[LOG] SystemI::createSoundInternal             : exinfo->inclusionlistnum   = 1
[LOG] SystemI::createSoundInternal             : exinfo->suggestedsoundtype = 5
[LOG] SystemI::createSoundInternal             : exinfo->useropen           = 00007FFFC4197B10
[LOG] SystemI::createSoundInternal             : exinfo->userclose          = 00007FFFC4197AE0
[LOG] SystemI::createSoundInternal             : exinfo->userread           = 00007FFFC4197BE0
[LOG] SystemI::createSoundInternal             : exinfo->userseek           = 00007FFFC4197CA0
[LOG] SystemI::createSoundInternal             : exinfo->fileuserdata       = 000002749BF2A9B8
[LOG] SystemI::createSoundInternal             : exinfo->initialseekpostype = 1
[LOG] SystemI::DSPCodecPoolRegister            : register codec pool for pool type 5
[LOG] SystemI::createSoundInternal             : Sample 0/1: name='Footstep 18', format=5, channels=1, frequency=48000, lengthbytes=5184, lengthpcm=35665, pcmblocksize=0, loopstart=0, loopend=0, mode=0x00000000, channelmask=0x00000000, channelorder=0, peakvolume=0.042389.
[LOG] SystemI::createSoundInternal             : Create name='', mode=0x02000202
[LOG] SystemI::createSoundInternal             : exinfo->cbsize             = 224
[LOG] SystemI::createSoundInternal             : exinfo->length             = 133568
[LOG] SystemI::createSoundInternal             : exinfo->fileoffset         = 8864
[LOG] SystemI::createSoundInternal             : exinfo->numsubsounds       = 1
[LOG] SystemI::createSoundInternal             : exinfo->inclusionlist      = 000000C31D75F128
[LOG] SystemI::createSoundInternal             : exinfo->inclusionlistnum   = 1
[LOG] SystemI::createSoundInternal             : exinfo->suggestedsoundtype = 5
[LOG] SystemI::createSoundInternal             : exinfo->useropen           = 00007FFFC4197B10
[LOG] SystemI::createSoundInternal             : exinfo->userclose          = 00007FFFC4197AE0
[LOG] SystemI::createSoundInternal             : exinfo->userread           = 00007FFFC4197BE0
[LOG] SystemI::createSoundInternal             : exinfo->userseek           = 00007FFFC4197CA0
[LOG] SystemI::createSoundInternal             : exinfo->fileuserdata       = 000002749BF2A9B8
[LOG] SystemI::createSoundInternal             : exinfo->initialseekpostype = 1
[LOG] SystemI::DSPCodecPoolRegister            : register codec pool for pool type 5
[LOG] SystemI::createSoundInternal             : Sample 0/1: name='Footstep 17', format=5, channels=1, frequency=48000, lengthbytes=5728, lengthpcm=35665, pcmblocksize=0, loopstart=0, loopend=0, mode=0x00000000, channelmask=0x00000000, channelorder=0, peakvolume=0.255585.
[LOG] SystemI::createSoundInternal             : Create name='', mode=0x02000202
[LOG] SystemI::createSoundInternal             : exinfo->cbsize             = 224
[LOG] SystemI::createSoundInternal             : exinfo->length             = 133568
[LOG] SystemI::createSoundInternal             : exinfo->fileoffset         = 8864
[LOG] SystemI::createSoundInternal             : exinfo->numsubsounds       = 1
[LOG] SystemI::createSoundInternal             : exinfo->inclusionlist      = 000000C31D75F128
[LOG] SystemI::createSoundInternal             : exinfo->inclusionlistnum   = 1
[LOG] SystemI::createSoundInternal             : exinfo->suggestedsoundtype = 5
[LOG] SystemI::createSoundInternal             : exinfo->useropen           = 00007FFFC4197B10
[LOG] SystemI::createSoundInternal             : exinfo->userclose          = 00007FFFC4197AE0
[LOG] SystemI::createSoundInternal             : exinfo->userread           = 00007FFFC4197BE0
[LOG] SystemI::createSoundInternal             : exinfo->userseek           = 00007FFFC4197CA0
[LOG] SystemI::createSoundInternal             : exinfo->fileuserdata       = 000002749BF2A9B8
[LOG] SystemI::createSoundInternal             : exinfo->initialseekpostype = 1
[LOG] SystemI::DSPCodecPoolRegister            : register codec pool for pool type 5
[LOG] SystemI::createSoundInternal             : Sample 0/1: name='Footstep 6', format=5, channels=1, frequency=48000, lengthbytes=5536, lengthpcm=35665, pcmblocksize=0, loopstart=0, loopend=0, mode=0x00000000, channelmask=0x00000000, channelorder=0, peakvolume=0.144012.
[LOG] SystemI::createSoundInternal             : Create name='', mode=0x02000202
[LOG] SystemI::createSoundInternal             : exinfo->cbsize             = 224
[LOG] SystemI::createSoundInternal             : exinfo->length             = 133568
[LOG] SystemI::createSoundInternal             : exinfo->fileoffset         = 8864
[LOG] SystemI::createSoundInternal             : exinfo->numsubsounds       = 1
[LOG] SystemI::createSoundInternal             : exinfo->inclusionlist      = 000000C31D75F128
[LOG] SystemI::createSoundInternal             : exinfo->inclusionlistnum   = 1
[LOG] SystemI::createSoundInternal             : exinfo->suggestedsoundtype = 5
[LOG] SystemI::createSoundInternal             : exinfo->useropen           = 00007FFFC4197B10
[LOG] SystemI::createSoundInternal             : exinfo->userclose          = 00007FFFC4197AE0
[LOG] SystemI::createSoundInternal             : exinfo->userread           = 00007FFFC4197BE0
[LOG] SystemI::createSoundInternal             : exinfo->userseek           = 00007FFFC4197CA0
[LOG] SystemI::createSoundInternal             : exinfo->fileuserdata       = 000002749BF2A9B8
[LOG] SystemI::createSoundInternal             : exinfo->initialseekpostype = 1
[LOG] SystemI::DSPCodecPoolRegister            : register codec pool for pool type 5
[LOG] SystemI::createSoundInternal             : Sample 0/1: name='Footstep 13', format=5, channels=1, frequency=48000, lengthbytes=5600, lengthpcm=35665, pcmblocksize=0, loopstart=0, loopend=0, mode=0x00000000, channelmask=0x00000000, channelorder=0, peakvolume=0.244141.
[LOG] SystemI::createSoundInternal             : Create name='', mode=0x02000202
[LOG] SystemI::createSoundInternal             : exinfo->cbsize             = 224
[LOG] SystemI::createSoundInternal             : exinfo->length             = 133568
[LOG] SystemI::createSoundInternal             : exinfo->fileoffset         = 8864
[LOG] SystemI::createSoundInternal             : exinfo->numsubsounds       = 1
[LOG] SystemI::createSoundInternal             : exinfo->inclusionlist      = 000000C31D75F128
[LOG] SystemI::createSoundInternal             : exinfo->inclusionlistnum   = 1
[LOG] SystemI::createSoundInternal             : exinfo->suggestedsoundtype = 5
[LOG] SystemI::createSoundInternal             : exinfo->useropen           = 00007FFFC4197B10
[LOG] SystemI::createSoundInternal             : exinfo->userclose          = 00007FFFC4197AE0
[LOG] SystemI::createSoundInternal             : exinfo->userread           = 00007FFFC4197BE0
[LOG] SystemI::createSoundInternal             : exinfo->userseek           = 00007FFFC4197CA0
[LOG] SystemI::createSoundInternal             : exinfo->fileuserdata       = 000002749BF2A9B8
[LOG] SystemI::createSoundInternal             : exinfo->initialseekpostype = 1
[LOG] SystemI::DSPCodecPoolRegister            : register codec pool for pool type 5
[LOG] SystemI::createSoundInternal             : Sample 0/1: name='Footstep 16', format=5, channels=1, frequency=48000, lengthbytes=5664, lengthpcm=35665, pcmblocksize=0, loopstart=0, loopend=0, mode=0x00000000, channelmask=0x00000000, channelorder=0, peakvolume=0.311554.
[LOG] SystemI::createSoundInternal             : Create name='', mode=0x02000202
[LOG] SystemI::createSoundInternal             : exinfo->cbsize             = 224
[LOG] SystemI::createSoundInternal             : exinfo->length             = 133568
[LOG] SystemI::createSoundInternal             : exinfo->fileoffset         = 8864
[LOG] SystemI::createSoundInternal             : exinfo->numsubsounds       = 1
[LOG] SystemI::createSoundInternal             : exinfo->inclusionlist      = 000000C31D75F128
[LOG] SystemI::createSoundInternal             : exinfo->inclusionlistnum   = 1
[LOG] SystemI::createSoundInternal             : exinfo->suggestedsoundtype = 5
[LOG] SystemI::createSoundInternal             : exinfo->useropen           = 00007FFFC4197B10
[LOG] SystemI::createSoundInternal             : exinfo->userclose          = 00007FFFC4197AE0
[LOG] SystemI::createSoundInternal             : exinfo->userread           = 00007FFFC4197BE0
[LOG] SystemI::createSoundInternal             : exinfo->userseek           = 00007FFFC4197CA0
[LOG] SystemI::createSoundInternal             : exinfo->fileuserdata       = 000002749BF2A9B8
[LOG] SystemI::createSoundInternal             : exinfo->initialseekpostype = 1
[LOG] SystemI::DSPCodecPoolRegister            : register codec pool for pool type 5
[LOG] SystemI::createSoundInternal             : Sample 0/1: name='Footstep 23', format=5, channels=1, frequency=48000, lengthbytes=5472, lengthpcm=35665, pcmblocksize=0, loopstart=0, loopend=0, mode=0x00000000, channelmask=0x00000000, channelorder=0, peakvolume=0.150208.
[LOG] SystemI::createSoundInternal             : Create name='', mode=0x02000202
[LOG] SystemI::createSoundInternal             : exinfo->cbsize             = 224
[LOG] SystemI::createSoundInternal             : exinfo->length             = 133568
[LOG] SystemI::createSoundInternal             : exinfo->fileoffset         = 8864
[LOG] SystemI::createSoundInternal             : exinfo->numsubsounds       = 1
[LOG] SystemI::createSoundInternal             : exinfo->inclusionlist      = 000000C31D75F128
[LOG] SystemI::createSoundInternal             : exinfo->inclusionlistnum   = 1
[LOG] SystemI::createSoundInternal             : exinfo->suggestedsoundtype = 5
[LOG] SystemI::createSoundInternal             : exinfo->useropen           = 00007FFFC4197B10
[LOG] SystemI::createSoundInternal             : exinfo->userclose          = 00007FFFC4197AE0
[LOG] SystemI::createSoundInternal             : exinfo->userread           = 00007FFFC4197BE0
[LOG] SystemI::createSoundInternal             : exinfo->userseek           = 00007FFFC4197CA0
[LOG] SystemI::createSoundInternal             : exinfo->fileuserdata       = 000002749BF2A9B8
[LOG] SystemI::createSoundInternal             : exinfo->initialseekpostype = 1
[LOG] SystemI::DSPCodecPoolRegister            : register codec pool for pool type 5
[LOG] SystemI::createSoundInternal             : Sample 0/1: name='Footstep 2', format=5, channels=1, frequency=48000, lengthbytes=5376, lengthpcm=35665, pcmblocksize=0, loopstart=0, loopend=0, mode=0x00000000, channelmask=0x00000000, channelorder=0, peakvolume=0.066528.
[LOG] SystemI::createSoundInternal             : Create name='', mode=0x02000202
[LOG] SystemI::createSoundInternal             : exinfo->cbsize             = 224
[LOG] SystemI::createSoundInternal             : exinfo->length             = 133568
[LOG] SystemI::createSoundInternal             : exinfo->fileoffset         = 8864
[LOG] SystemI::createSoundInternal             : exinfo->numsubsounds       = 1
[LOG] SystemI::createSoundInternal             : exinfo->inclusionlist      = 000000C31D75F128
[LOG] SystemI::createSoundInternal             : exinfo->inclusionlistnum   = 1
[LOG] SystemI::createSoundInternal             : exinfo->suggestedsoundtype = 5
[LOG] SystemI::createSoundInternal             : exinfo->useropen           = 00007FFFC4197B10
[LOG] SystemI::createSoundInternal             : exinfo->userclose          = 00007FFFC4197AE0
[LOG] SystemI::createSoundInternal             : exinfo->userread           = 00007FFFC4197BE0
[LOG] SystemI::createSoundInternal             : exinfo->userseek           = 00007FFFC4197CA0
[LOG] SystemI::createSoundInternal             : exinfo->fileuserdata       = 000002749BF2A9B8
[LOG] SystemI::createSoundInternal             : exinfo->initialseekpostype = 1
[LOG] SystemI::DSPCodecPoolRegister            : register codec pool for pool type 5
[LOG] SystemI::createSoundInternal             : Sample 0/1: name='Footstep 11', format=5, channels=1, frequency=48000, lengthbytes=5536, lengthpcm=35665, pcmblocksize=0, loopstart=0, loopend=0, mode=0x00000000, channelmask=0x00000000, channelorder=0, peakvolume=0.112030.
[LOG] SystemI::createSoundInternal             : Create name='', mode=0x02000202
[LOG] SystemI::createSoundInternal             : exinfo->cbsize             = 224
[LOG] SystemI::createSoundInternal             : exinfo->length             = 133568
[LOG] SystemI::createSoundInternal             : exinfo->fileoffset         = 8864
[LOG] SystemI::createSoundInternal             : exinfo->numsubsounds       = 1
[LOG] SystemI::createSoundInternal             : exinfo->inclusionlist      = 000000C31D75F128
[LOG] SystemI::createSoundInternal             : exinfo->inclusionlistnum   = 1
[LOG] SystemI::createSoundInternal             : exinfo->suggestedsoundtype = 5
[LOG] SystemI::createSoundInternal             : exinfo->useropen           = 00007FFFC4197B10
[LOG] SystemI::createSoundInternal             : exinfo->userclose          = 00007FFFC4197AE0
[LOG] SystemI::createSoundInternal             : exinfo->userread           = 00007FFFC4197BE0
[LOG] SystemI::createSoundInternal             : exinfo->userseek           = 00007FFFC4197CA0
[LOG] SystemI::createSoundInternal             : exinfo->fileuserdata       = 000002749BF2A9B8
[LOG] SystemI::createSoundInternal             : exinfo->initialseekpostype = 1
[LOG] SystemI::DSPCodecPoolRegister            : register codec pool for pool type 5
[LOG] SystemI::createSoundInternal             : Sample 0/1: name='Footstep 8', format=5, channels=1, frequency=48000, lengthbytes=5504, lengthpcm=35665, pcmblocksize=0, loopstart=0, loopend=0, mode=0x00000000, channelmask=0x00000000, channelorder=0, peakvolume=0.124878.
[LOG] SystemI::createSoundInternal             : Create name='', mode=0x02000202
[LOG] SystemI::createSoundInternal             : exinfo->cbsize             = 224
[LOG] SystemI::createSoundInternal             : exinfo->length             = 133568
[LOG] SystemI::createSoundInternal             : exinfo->fileoffset         = 8864
[LOG] SystemI::createSoundInternal             : exinfo->numsubsounds       = 1
[LOG] SystemI::createSoundInternal             : exinfo->inclusionlist      = 000000C31D75F128
[LOG] SystemI::createSoundInternal             : exinfo->inclusionlistnum   = 1
[LOG] SystemI::createSoundInternal             : exinfo->suggestedsoundtype = 5
[LOG] SystemI::createSoundInternal             : exinfo->useropen           = 00007FFFC4197B10
[LOG] SystemI::createSoundInternal             : exinfo->userclose          = 00007FFFC4197AE0
[LOG] SystemI::createSoundInternal             : exinfo->userread           = 00007FFFC4197BE0
[LOG] SystemI::createSoundInternal             : exinfo->userseek           = 00007FFFC4197CA0
[LOG] SystemI::createSoundInternal             : exinfo->fileuserdata       = 000002749BF2A9B8
[LOG] SystemI::createSoundInternal             : exinfo->initialseekpostype = 1
[LOG] SystemI::DSPCodecPoolRegister            : register codec pool for pool type 5
[LOG] SystemI::createSoundInternal             : Sample 0/1: name='Footstep 9', format=5, channels=1, frequency=48000, lengthbytes=5536, lengthpcm=35665, pcmblocksize=0, loopstart=0, loopend=0, mode=0x00000000, channelmask=0x00000000, channelorder=0, peakvolume=0.133575.
[LOG] SystemI::createSoundInternal             : Create name='', mode=0x02000202
[LOG] SystemI::createSoundInternal             : exinfo->cbsize             = 224
[LOG] SystemI::createSoundInternal             : exinfo->length             = 133568
[LOG] SystemI::createSoundInternal             : exinfo->fileoffset         = 8864
[LOG] SystemI::createSoundInternal             : exinfo->numsubsounds       = 1
[LOG] SystemI::createSoundInternal             : exinfo->inclusionlist      = 000000C31D75F128
[LOG] SystemI::createSoundInternal             : exinfo->inclusionlistnum   = 1
[LOG] SystemI::createSoundInternal             : exinfo->suggestedsoundtype = 5
[LOG] SystemI::createSoundInternal             : exinfo->useropen           = 00007FFFC4197B10
[LOG] SystemI::createSoundInternal             : exinfo->userclose          = 00007FFFC4197AE0
[LOG] SystemI::createSoundInternal             : exinfo->userread           = 00007FFFC4197BE0
[LOG] SystemI::createSoundInternal             : exinfo->userseek           = 00007FFFC4197CA0
[LOG] SystemI::createSoundInternal             : exinfo->fileuserdata       = 000002749BF2A9B8
[LOG] SystemI::createSoundInternal             : exinfo->initialseekpostype = 1
[LOG] SystemI::DSPCodecPoolRegister            : register codec pool for pool type 5
[LOG] SystemI::createSoundInternal             : Sample 0/1: name='Footstep 4', format=5, channels=1, frequency=48000, lengthbytes=5696, lengthpcm=35665, pcmblocksize=0, loopstart=0, loopend=0, mode=0x00000000, channelmask=0x00000000, channelorder=0, peakvolume=0.235565.
[LOG] SystemI::createSoundInternal             : Create name='', mode=0x02000202
[LOG] SystemI::createSoundInternal             : exinfo->cbsize             = 224
[LOG] SystemI::createSoundInternal             : exinfo->length             = 133568
[LOG] SystemI::createSoundInternal             : exinfo->fileoffset         = 8864
[LOG] SystemI::createSoundInternal             : exinfo->numsubsounds       = 1
[LOG] SystemI::createSoundInternal             : exinfo->inclusionlist      = 000000C31D75F128
[LOG] SystemI::createSoundInternal             : exinfo->inclusionlistnum   = 1
[LOG] SystemI::createSoundInternal             : exinfo->suggestedsoundtype = 5
[LOG] SystemI::createSoundInternal             : exinfo->useropen           = 00007FFFC4197B10
[LOG] SystemI::createSoundInternal             : exinfo->userclose          = 00007FFFC4197AE0
[LOG] SystemI::createSoundInternal             : exinfo->userread           = 00007FFFC4197BE0
[LOG] SystemI::createSoundInternal             : exinfo->userseek           = 00007FFFC4197CA0
[LOG] SystemI::createSoundInternal             : exinfo->fileuserdata       = 000002749BF2A9B8
[LOG] SystemI::createSoundInternal             : exinfo->initialseekpostype = 1
[LOG] SystemI::DSPCodecPoolRegister            : register codec pool for pool type 5
[LOG] SystemI::createSoundInternal             : Sample 0/1: name='Footstep 3', format=5, channels=1, frequency=48000, lengthbytes=5664, lengthpcm=35665, pcmblocksize=0, loopstart=0, loopend=0, mode=0x00000000, channelmask=0x00000000, channelorder=0, peakvolume=0.151123.
[LOG] SystemI::createSoundInternal             : Create name='', mode=0x02000202
[LOG] SystemI::createSoundInternal             : exinfo->cbsize             = 224
[LOG] SystemI::createSoundInternal             : exinfo->length             = 133568
[LOG] SystemI::createSoundInternal             : exinfo->fileoffset         = 8864
[LOG] SystemI::createSoundInternal             : exinfo->numsubsounds       = 1
[LOG] SystemI::createSoundInternal             : exinfo->inclusionlist      = 000000C31D75F128
[LOG] SystemI::createSoundInternal             : exinfo->inclusionlistnum   = 1
[LOG] SystemI::createSoundInternal             : exinfo->suggestedsoundtype = 5
[LOG] SystemI::createSoundInternal             : exinfo->useropen           = 00007FFFC4197B10
[LOG] SystemI::createSoundInternal             : exinfo->userclose          = 00007FFFC4197AE0
[LOG] SystemI::createSoundInternal             : exinfo->userread           = 00007FFFC4197BE0
[LOG] SystemI::createSoundInternal             : exinfo->userseek           = 00007FFFC4197CA0
[LOG] SystemI::createSoundInternal             : exinfo->fileuserdata       = 000002749BF2A9B8
[LOG] SystemI::createSoundInternal             : exinfo->initialseekpostype = 1
[LOG] SystemI::DSPCodecPoolRegister            : register codec pool for pool type 5
[LOG] SystemI::createSoundInternal             : Sample 0/1: name='Footstep 7', format=5, channels=1, frequency=48000, lengthbytes=5312, lengthpcm=35665, pcmblocksize=0, loopstart=0, loopend=0, mode=0x00000000, channelmask=0x00000000, channelorder=0, peakvolume=0.148773.
[LOG] SystemI::createSoundInternal             : Create name='', mode=0x02000202
[LOG] SystemI::createSoundInternal             : exinfo->cbsize             = 224
[LOG] SystemI::createSoundInternal             : exinfo->length             = 133568
[LOG] SystemI::createSoundInternal             : exinfo->fileoffset         = 8864
[LOG] SystemI::createSoundInternal             : exinfo->numsubsounds       = 1
[LOG] SystemI::createSoundInternal             : exinfo->inclusionlist      = 000000C31D75F128
[LOG] SystemI::createSoundInternal             : exinfo->inclusionlistnum   = 1
[LOG] SystemI::createSoundInternal             : exinfo->suggestedsoundtype = 5
[LOG] SystemI::createSoundInternal             : exinfo->useropen           = 00007FFFC4197B10
[LOG] SystemI::createSoundInternal             : exinfo->userclose          = 00007FFFC4197AE0
[LOG] SystemI::createSoundInternal             : exinfo->userread           = 00007FFFC4197BE0
[LOG] SystemI::createSoundInternal             : exinfo->userseek           = 00007FFFC4197CA0
[LOG] SystemI::createSoundInternal             : exinfo->fileuserdata       = 000002749BF2A9B8
[LOG] SystemI::createSoundInternal             : exinfo->initialseekpostype = 1
[LOG] SystemI::DSPCodecPoolRegister            : register codec pool for pool type 5
[LOG] SystemI::createSoundInternal             : Sample 0/1: name='Footstep 15', format=5, channels=1, frequency=48000, lengthbytes=5536, lengthpcm=35665, pcmblocksize=0, loopstart=0, loopend=0, mode=0x00000000, channelmask=0x00000000, channelorder=0, peakvolume=0.129578.
[LOG] SystemI::createSoundInternal             : Create name='', mode=0x02000202
[LOG] SystemI::createSoundInternal             : exinfo->cbsize             = 224
[LOG] SystemI::createSoundInternal             : exinfo->length             = 133568
[LOG] SystemI::createSoundInternal             : exinfo->fileoffset         = 8864
[LOG] SystemI::createSoundInternal             : exinfo->numsubsounds       = 1
[LOG] SystemI::createSoundInternal             : exinfo->inclusionlist      = 000000C31D75F128
[LOG] SystemI::createSoundInternal             : exinfo->inclusionlistnum   = 1
[LOG] SystemI::createSoundInternal             : exinfo->suggestedsoundtype = 5
[LOG] SystemI::createSoundInternal             : exinfo->useropen           = 00007FFFC4197B10
[LOG] SystemI::createSoundInternal             : exinfo->userclose          = 00007FFFC4197AE0
[LOG] SystemI::createSoundInternal             : exinfo->userread           = 00007FFFC4197BE0
[LOG] SystemI::createSoundInternal             : exinfo->userseek           = 00007FFFC4197CA0
[LOG] SystemI::createSoundInternal             : exinfo->fileuserdata       = 000002749BF2A9B8
[LOG] SystemI::createSoundInternal             : exinfo->initialseekpostype = 1
[LOG] SystemI::DSPCodecPoolRegister            : register codec pool for pool type 5
[LOG] SystemI::createSoundInternal             : Sample 0/1: name='Footstep 21', format=5, channels=1, frequency=48000, lengthbytes=5472, lengthpcm=35665, pcmblocksize=0, loopstart=0, loopend=0, mode=0x00000000, channelmask=0x00000000, channelorder=0, peakvolume=0.153839.
[LOG] SystemI::createSoundInternal             : Create name='', mode=0x02000202
[LOG] SystemI::createSoundInternal             : exinfo->cbsize             = 224
[LOG] SystemI::createSoundInternal             : exinfo->length             = 133568
[LOG] SystemI::createSoundInternal             : exinfo->fileoffset         = 8864
[LOG] SystemI::createSoundInternal             : exinfo->numsubsounds       = 1
[LOG] SystemI::createSoundInternal             : exinfo->inclusionlist      = 000000C31D75F128
[LOG] SystemI::createSoundInternal             : exinfo->inclusionlistnum   = 1
[LOG] SystemI::createSoundInternal             : exinfo->suggestedsoundtype = 5
[LOG] SystemI::createSoundInternal             : exinfo->useropen           = 00007FFFC4197B10
[LOG] SystemI::createSoundInternal             : exinfo->userclose          = 00007FFFC4197AE0
[LOG] SystemI::createSoundInternal             : exinfo->userread           = 00007FFFC4197BE0
[LOG] SystemI::createSoundInternal             : exinfo->userseek           = 00007FFFC4197CA0
[LOG] SystemI::createSoundInternal             : exinfo->fileuserdata       = 000002749BF2A9B8
[LOG] SystemI::createSoundInternal             : exinfo->initialseekpostype = 1
[LOG] SystemI::DSPCodecPoolRegister            : register codec pool for pool type 5
[LOG] SystemI::createSoundInternal             : Sample 0/1: name='Footstep 20', format=5, channels=1, frequency=48000, lengthbytes=5216, lengthpcm=35665, pcmblocksize=0, loopstart=0, loopend=0, mode=0x00000000, channelmask=0x00000000, channelorder=0, peakvolume=0.059357.
[LOG] SystemI::createSoundInternal             : Create name='', mode=0x02000202
[LOG] SystemI::createSoundInternal             : exinfo->cbsize             = 224
[LOG] SystemI::createSoundInternal             : exinfo->length             = 133568
[LOG] SystemI::createSoundInternal             : exinfo->fileoffset         = 8864
[LOG] SystemI::createSoundInternal             : exinfo->numsubsounds       = 1
[LOG] SystemI::createSoundInternal             : exinfo->inclusionlist      = 000000C31D75F128
[LOG] SystemI::createSoundInternal             : exinfo->inclusionlistnum   = 1
[LOG] SystemI::createSoundInternal             : exinfo->suggestedsoundtype = 5
[LOG] SystemI::createSoundInternal             : exinfo->useropen           = 00007FFFC4197B10
[LOG] SystemI::createSoundInternal             : exinfo->userclose          = 00007FFFC4197AE0
[LOG] SystemI::createSoundInternal             : exinfo->userread           = 00007FFFC4197BE0
[LOG] SystemI::createSoundInternal             : exinfo->userseek           = 00007FFFC4197CA0
[LOG] SystemI::createSoundInternal             : exinfo->fileuserdata       = 000002749BF2A9B8
[LOG] SystemI::createSoundInternal             : exinfo->initialseekpostype = 1
[LOG] SystemI::DSPCodecPoolRegister            : register codec pool for pool type 5
[LOG] SystemI::createSoundInternal             : Sample 0/1: name='Footstep 22', format=5, channels=1, frequency=48000, lengthbytes=5248, lengthpcm=35665, pcmblocksize=0, loopstart=0, loopend=0, mode=0x00000000, channelmask=0x00000000, channelorder=0, peakvolume=0.051331.
[LOG] SystemI::createSoundInternal             : Create name='', mode=0x02000202
[LOG] SystemI::createSoundInternal             : exinfo->cbsize             = 224
[LOG] SystemI::createSoundInternal             : exinfo->length             = 133568
[LOG] SystemI::createSoundInternal             : exinfo->fileoffset         = 8864
[LOG] SystemI::createSoundInternal             : exinfo->numsubsounds       = 1
[LOG] SystemI::createSoundInternal             : exinfo->inclusionlist      = 000000C31D75F128
[LOG] SystemI::createSoundInternal             : exinfo->inclusionlistnum   = 1
[LOG] SystemI::createSoundInternal             : exinfo->suggestedsoundtype = 5
[LOG] SystemI::createSoundInternal             : exinfo->useropen           = 00007FFFC4197B10
[LOG] SystemI::createSoundInternal             : exinfo->userclose          = 00007FFFC4197AE0
[LOG] SystemI::createSoundInternal             : exinfo->userread           = 00007FFFC4197BE0
[LOG] SystemI::createSoundInternal             : exinfo->userseek           = 00007FFFC4197CA0
[LOG] SystemI::createSoundInternal             : exinfo->fileuserdata       = 000002749BF2A9B8
[LOG] SystemI::createSoundInternal             : exinfo->initialseekpostype = 1
[LOG] SystemI::DSPCodecPoolRegister            : register codec pool for pool type 5
[LOG] SystemI::createSoundInternal             : Sample 0/1: name='Footstep 14', format=5, channels=1, frequency=48000, lengthbytes=5472, lengthpcm=35665, pcmblocksize=0, loopstart=0, loopend=0, mode=0x00000000, channelmask=0x00000000, channelorder=0, peakvolume=0.088379.
[LOG] SystemI::createSoundInternal             : Create name='', mode=0x02000202
[LOG] SystemI::createSoundInternal             : exinfo->cbsize             = 224
[LOG] SystemI::createSoundInternal             : exinfo->length             = 133568
[LOG] SystemI::createSoundInternal             : exinfo->fileoffset         = 8864
[LOG] SystemI::createSoundInternal             : exinfo->numsubsounds       = 1
[LOG] SystemI::createSoundInternal             : exinfo->inclusionlist      = 000000C31D75F128
[LOG] SystemI::createSoundInternal             : exinfo->inclusionlistnum   = 1
[LOG] SystemI::createSoundInternal             : exinfo->suggestedsoundtype = 5
[LOG] SystemI::createSoundInternal             : exinfo->useropen           = 00007FFFC4197B10
[LOG] SystemI::createSoundInternal             : exinfo->userclose          = 00007FFFC4197AE0
[LOG] SystemI::createSoundInternal             : exinfo->userread           = 00007FFFC4197BE0
[LOG] SystemI::createSoundInternal             : exinfo->userseek           = 00007FFFC4197CA0
[LOG] SystemI::createSoundInternal             : exinfo->fileuserdata       = 000002749BF2A9B8
[LOG] SystemI::createSoundInternal             : exinfo->initialseekpostype = 1
[LOG] SystemI::DSPCodecPoolRegister            : register codec pool for pool type 5
[LOG] SystemI::createSoundInternal             : Sample 0/1: name='Footstep 10', format=5, channels=1, frequency=48000, lengthbytes=5504, lengthpcm=35665, pcmblocksize=0, loopstart=0, loopend=0, mode=0x00000000, channelmask=0x00000000, channelorder=0, peakvolume=0.090729.
[LOG] SystemI::createSoundInternal             : Create name='', mode=0x02000202
[LOG] SystemI::createSoundInternal             : exinfo->cbsize             = 224
[LOG] SystemI::createSoundInternal             : exinfo->length             = 133568
[LOG] SystemI::createSoundInternal             : exinfo->fileoffset         = 8864
[LOG] SystemI::createSoundInternal             : exinfo->numsubsounds       = 1
[LOG] SystemI::createSoundInternal             : exinfo->inclusionlist      = 000000C31D75F128
[LOG] SystemI::createSoundInternal             : exinfo->inclusionlistnum   = 1
[LOG] SystemI::createSoundInternal             : exinfo->suggestedsoundtype = 5
[LOG] SystemI::createSoundInternal             : exinfo->useropen           = 00007FFFC4197B10
[LOG] SystemI::createSoundInternal             : exinfo->userclose          = 00007FFFC4197AE0
[LOG] SystemI::createSoundInternal             : exinfo->userread           = 00007FFFC4197BE0
[LOG] SystemI::createSoundInternal             : exinfo->userseek           = 00007FFFC4197CA0
[LOG] SystemI::createSoundInternal             : exinfo->fileuserdata       = 000002749BF2A9B8
[LOG] SystemI::createSoundInternal             : exinfo->initialseekpostype = 1
[LOG] SystemI::DSPCodecPoolRegister            : register codec pool for pool type 5
[LOG] SystemI::createSoundInternal             : Sample 0/1: name='Footstep 5', format=5, channels=1, frequency=48000, lengthbytes=5568, lengthpcm=35665, pcmblocksize=0, loopstart=0, loopend=0, mode=0x00000000, channelmask=0x00000000, channelorder=0, peakvolume=0.201202.
[LOG] SystemI::createSoundInternal             : Create name='', mode=0x02000202
[LOG] SystemI::createSoundInternal             : exinfo->cbsize             = 224
[LOG] SystemI::createSoundInternal             : exinfo->length             = 133568
[LOG] SystemI::createSoundInternal             : exinfo->fileoffset         = 8864
[LOG] SystemI::createSoundInternal             : exinfo->numsubsounds       = 1
[LOG] SystemI::createSoundInternal             : exinfo->inclusionlist      = 000000C31D75F128
[LOG] SystemI::createSoundInternal             : exinfo->inclusionlistnum   = 1
[LOG] SystemI::createSoundInternal             : exinfo->suggestedsoundtype = 5
[LOG] SystemI::createSoundInternal             : exinfo->useropen           = 00007FFFC4197B10
[LOG] SystemI::createSoundInternal             : exinfo->userclose          = 00007FFFC4197AE0
[LOG] SystemI::createSoundInternal             : exinfo->userread           = 00007FFFC4197BE0
[LOG] SystemI::createSoundInternal             : exinfo->userseek           = 00007FFFC4197CA0
[LOG] SystemI::createSoundInternal             : exinfo->fileuserdata       = 000002749BF2A9B8
[LOG] SystemI::createSoundInternal             : exinfo->initialseekpostype = 1
[LOG] SystemI::DSPCodecPoolRegister            : register codec pool for pool type 5
[LOG] SystemI::createSoundInternal             : Sample 0/1: name='Footstep 12', format=5, channels=1, frequency=48000, lengthbytes=5504, lengthpcm=35665, pcmblocksize=0, loopstart=0, loopend=0, mode=0x00000000, channelmask=0x00000000, channelorder=0, peakvolume=0.106750.
[LOG] SystemI::createSoundInternal             : Create name='', mode=0x02000202
[LOG] SystemI::createSoundInternal             : exinfo->cbsize             = 224
[LOG] SystemI::createSoundInternal             : exinfo->length             = 133568
[LOG] SystemI::createSoundInternal             : exinfo->fileoffset         = 8864
[LOG] SystemI::createSoundInternal             : exinfo->numsubsounds       = 1
[LOG] SystemI::createSoundInternal             : exinfo->inclusionlist      = 000000C31D75F128
[LOG] SystemI::createSoundInternal             : exinfo->inclusionlistnum   = 1
[LOG] SystemI::createSoundInternal             : exinfo->suggestedsoundtype = 5
[LOG] SystemI::createSoundInternal             : exinfo->useropen           = 00007FFFC4197B10
[LOG] SystemI::createSoundInternal             : exinfo->userclose          = 00007FFFC4197AE0
[LOG] SystemI::createSoundInternal             : exinfo->userread           = 00007FFFC4197BE0
[LOG] SystemI::createSoundInternal             : exinfo->userseek           = 00007FFFC4197CA0
[LOG] SystemI::createSoundInternal             : exinfo->fileuserdata       = 000002749BF2A9B8
[LOG] SystemI::createSoundInternal             : exinfo->initialseekpostype = 1
[LOG] SystemI::DSPCodecPoolRegister            : register codec pool for pool type 5
[LOG] SystemI::createSoundInternal             : Sample 0/1: name='Footstep 19', format=5, channels=1, frequency=48000, lengthbytes=5536, lengthpcm=35665, pcmblocksize=0, loopstart=0, loopend=0, mode=0x00000000, channelmask=0x00000000, channelorder=0, peakvolume=0.204895.
[LOG] SystemI::createSoundInternal             : Create name='', mode=0x02000202
[LOG] SystemI::createSoundInternal             : exinfo->cbsize             = 224
[LOG] SystemI::createSoundInternal             : exinfo->length             = 133568
[LOG] SystemI::createSoundInternal             : exinfo->fileoffset         = 8864
[LOG] SystemI::createSoundInternal             : exinfo->numsubsounds       = 1
[LOG] SystemI::createSoundInternal             : exinfo->inclusionlist      = 000000C31D75F128
[LOG] SystemI::createSoundInternal             : exinfo->inclusionlistnum   = 1
[LOG] SystemI::createSoundInternal             : exinfo->suggestedsoundtype = 5
[LOG] SystemI::createSoundInternal             : exinfo->useropen           = 00007FFFC4197B10
[LOG] SystemI::createSoundInternal             : exinfo->userclose          = 00007FFFC4197AE0
[LOG] SystemI::createSoundInternal             : exinfo->userread           = 00007FFFC4197BE0
[LOG] SystemI::createSoundInternal             : exinfo->userseek           = 00007FFFC4197CA0
[LOG] SystemI::createSoundInternal             : exinfo->fileuserdata       = 000002749BF2A9B8
[LOG] SystemI::createSoundInternal             : exinfo->initialseekpostype = 1
[LOG] SystemI::DSPCodecPoolRegister            : register codec pool for pool type 5
[LOG] SystemI::createSoundInternal             : Sample 0/1: name='Footstep 1', format=5, channels=1, frequency=48000, lengthbytes=5568, lengthpcm=35665, pcmblocksize=0, loopstart=0, loopend=0, mode=0x00000000, channelmask=0x00000000, channelorder=0, peakvolume=0.181549.
[LOG] Manager::readBank                        : fileversion = 135, compatVersion = 132 (oldest = 44, newest = 135)
[LOG] Manager::readBank                        : fileversion = 135, compatVersion = 132 (oldest = 44, newest = 135)
[LOG] Manager::readBank                        : fileversion = 135, compatVersion = 132 (oldest = 44, newest = 135)
[LOG] Manager::readBank                        : fileversion = 135, compatVersion = 132 (oldest = 44, newest = 135)
[LOG] Manager::readBank                        : fileversion = 135, compatVersion = 132 (oldest = 44, newest = 135)
[LOG] PlaybackSystem::acquireMasterBus         : Setting master channel group format to 6
[LOG] SoundI::release                          :  (00000274E44643A8)
[LOG] SoundI::release                          :     Footstep 1 (000002742F66F898)
[LOG] SoundI::release                          :  (000002749D454BF8)
[LOG] SoundI::release                          :     Footstep 2 (000002742F671778)
[LOG] SoundI::release                          :  (000002749D454A88)
[LOG] SoundI::release                          :     Footstep 3 (000002742F6722D8)
[LOG] SoundI::release                          :  (000002749D454D68)
[LOG] SoundI::release                          :     Footstep 4 (000002742F6703F8)
[LOG] SoundI::release                          :  (00000274E4464968)
[LOG] SoundI::release                          :     Footstep 5 (000002742F6727B8)
[LOG] SoundI::release                          :  (00000274AEE03058)
[LOG] SoundI::release                          :     Footstep 6 (000002742F671298)
[LOG] SoundI::release                          :  (000002749D454638)
[LOG] SoundI::release                          :     Footstep 7 (000002742F66F558)
[LOG] SoundI::release                          :  (000002749D4541E8)
[LOG] SoundI::release                          :     Footstep 8 (000002742F670258)
[LOG] SoundI::release                          :  (000002749D454358)
[LOG] SoundI::release                          :     Footstep 9 (000002742F670DB8)
[LOG] SoundI::release                          :  (00000274E4464C48)
[LOG] SoundI::release                          :     Footstep 10 (000002742F6715D8)
[LOG] SoundI::release                          :  (000002749D4544C8)
[LOG] SoundI::release                          :     Footstep 11 (000002742F671438)
[LOG] SoundI::release                          :  (00000274E4464AD8)
[LOG] SoundI::release                          :     Footstep 12 (000002742F66F6F8)
[LOG] SoundI::release                          :  (00000274AEE031C8)
[LOG] SoundI::release                          :     Footstep 13 (000002742F670A78)
[LOG] SoundI::release                          :  (00000274E4464238)
[LOG] SoundI::release                          :     Footstep 14 (000002742F672138)
[LOG] SoundI::release                          :  (000002749D454918)
[LOG] SoundI::release                          :     Footstep 15 (000002742F670598)
[LOG] SoundI::release                          :  (00000274AEE03338)
[LOG] SoundI::release                          :     Footstep 16 (000002742F671F98)
[LOG] SoundI::release                          :  (00000274AEE02A98)
[LOG] SoundI::release                          :     Footstep 17 (000002742F671C58)
[LOG] SoundI::release                          :  (00000274AEE02D78)
[LOG] SoundI::release                          :     Footstep 18 (000002742F672618)
[LOG] SoundI::release                          :  (00000274E4464DB8)
[LOG] SoundI::release                          :     Footstep 19 (000002742F671AB8)
[LOG] SoundI::release                          :  (00000274E4464688)
[LOG] SoundI::release                          :     Footstep 20 (000002742F66F078)
[LOG] SoundI::release                          :  (000002749D4547A8)
[LOG] SoundI::release                          :     Footstep 21 (000002742F66F3B8)
[LOG] SoundI::release                          :  (00000274E44647F8)
[LOG] SoundI::release                          :     Footstep 22 (000002742F66FD78)
[LOG] SoundI::release                          :  (000002749D454078)
[LOG] SoundI::release                          :     Footstep 23 (000002742F670C18)
[LOG] Thread::callback                         : FMOD Studio update thread finished.
[LOG] Thread::callback                         : FMOD Studio bank load thread finished.
[LOG] Profile::disconnectAll                   : Profiler disconnecting all clients
[LOG] Thread::callback                         : FMOD Studio sample load thread finished.
[LOG] LiveUpdate::release                      : 
[LOG] LiveUpdate::reset                        : Reset connection (reason Disconnected)
[LOG] Thread::callback                         : FMOD stream thread finished.
[LOG] Thread::callback                         : FMOD mixer thread finished.
[LOG] Profile::disconnectAll                   : Profiler disconnecting all clients
[LOG] SystemI::close                           : Closed.
[LOG] Thread::callback                         : FMOD Studio bank load thread finished.
[LOG] Thread::callback                         : FMOD Studio sample load thread finished.
[LOG] LiveUpdate::release                      : 
[LOG] LiveUpdate::reset                        : Reset connection (reason Disconnected)
[LOG] Thread::callback                         : FMOD stream thread finished.
[LOG] Thread::callback                         : FMOD mixer thread finished.
[LOG] SystemI::close                           : Closed.
